0 info it worked if it ends with ok
1 verbose cli [ '/usr/bin/nodejs', '/usr/bin/npm', 'install' ]
2 info using npm@3.8.6
3 info using node@v5.12.0
4 silly loadCurrentTree Starting
5 silly install loadCurrentTree
6 silly install readLocalPackageData
7 silly install normalizeTree
8 silly loadCurrentTree Finishing
9 silly loadIdealTree Starting
10 silly install loadIdealTree
11 silly cloneCurrentTree Starting
12 silly install cloneCurrentTreeToIdealTree
13 silly cloneCurrentTree Finishing
14 silly loadShrinkwrap Starting
15 silly install loadShrinkwrap
16 silly loadShrinkwrap Finishing
17 silly loadAllDepsIntoIdealTree Starting
18 silly install loadAllDepsIntoIdealTree
19 silly fetchNamedPackageData @angular/common
20 silly mapToRegistry name @angular/common
21 silly mapToRegistry scope (from package name) @angular
22 verbose mapToRegistry no registry URL found in name for scope @angular
23 silly mapToRegistry using default registry
24 silly mapToRegistry registry https://registry.npmjs.org/
25 silly mapToRegistry data Result {
25 silly mapToRegistry   raw: '@angular/common',
25 silly mapToRegistry   scope: '@angular',
25 silly mapToRegistry   name: '@angular/common',
25 silly mapToRegistry   rawSpec: '',
25 silly mapToRegistry   spec: 'latest',
25 silly mapToRegistry   type: 'tag' }
26 silly mapToRegistry uri https://registry.npmjs.org/@angular%2fcommon
27 silly fetchNamedPackageData @angular/compiler
28 silly mapToRegistry name @angular/compiler
29 silly mapToRegistry scope (from package name) @angular
30 verbose mapToRegistry no registry URL found in name for scope @angular
31 silly mapToRegistry using default registry
32 silly mapToRegistry registry https://registry.npmjs.org/
33 silly mapToRegistry data Result {
33 silly mapToRegistry   raw: '@angular/compiler',
33 silly mapToRegistry   scope: '@angular',
33 silly mapToRegistry   name: '@angular/compiler',
33 silly mapToRegistry   rawSpec: '',
33 silly mapToRegistry   spec: 'latest',
33 silly mapToRegistry   type: 'tag' }
34 silly mapToRegistry uri https://registry.npmjs.org/@angular%2fcompiler
35 silly fetchNamedPackageData @angular/core
36 silly mapToRegistry name @angular/core
37 silly mapToRegistry scope (from package name) @angular
38 verbose mapToRegistry no registry URL found in name for scope @angular
39 silly mapToRegistry using default registry
40 silly mapToRegistry registry https://registry.npmjs.org/
41 silly mapToRegistry data Result {
41 silly mapToRegistry   raw: '@angular/core',
41 silly mapToRegistry   scope: '@angular',
41 silly mapToRegistry   name: '@angular/core',
41 silly mapToRegistry   rawSpec: '',
41 silly mapToRegistry   spec: 'latest',
41 silly mapToRegistry   type: 'tag' }
42 silly mapToRegistry uri https://registry.npmjs.org/@angular%2fcore
43 silly fetchNamedPackageData @angular/http
44 silly mapToRegistry name @angular/http
45 silly mapToRegistry scope (from package name) @angular
46 verbose mapToRegistry no registry URL found in name for scope @angular
47 silly mapToRegistry using default registry
48 silly mapToRegistry registry https://registry.npmjs.org/
49 silly mapToRegistry data Result {
49 silly mapToRegistry   raw: '@angular/http',
49 silly mapToRegistry   scope: '@angular',
49 silly mapToRegistry   name: '@angular/http',
49 silly mapToRegistry   rawSpec: '',
49 silly mapToRegistry   spec: 'latest',
49 silly mapToRegistry   type: 'tag' }
50 silly mapToRegistry uri https://registry.npmjs.org/@angular%2fhttp
51 silly fetchNamedPackageData @angular/platform-browser
52 silly mapToRegistry name @angular/platform-browser
53 silly mapToRegistry scope (from package name) @angular
54 verbose mapToRegistry no registry URL found in name for scope @angular
55 silly mapToRegistry using default registry
56 silly mapToRegistry registry https://registry.npmjs.org/
57 silly mapToRegistry data Result {
57 silly mapToRegistry   raw: '@angular/platform-browser',
57 silly mapToRegistry   scope: '@angular',
57 silly mapToRegistry   name: '@angular/platform-browser',
57 silly mapToRegistry   rawSpec: '',
57 silly mapToRegistry   spec: 'latest',
57 silly mapToRegistry   type: 'tag' }
58 silly mapToRegistry uri https://registry.npmjs.org/@angular%2fplatform-browser
59 silly fetchNamedPackageData @angular/platform-browser-dynamic
60 silly mapToRegistry name @angular/platform-browser-dynamic
61 silly mapToRegistry scope (from package name) @angular
62 verbose mapToRegistry no registry URL found in name for scope @angular
63 silly mapToRegistry using default registry
64 silly mapToRegistry registry https://registry.npmjs.org/
65 silly mapToRegistry data Result {
65 silly mapToRegistry   raw: '@angular/platform-browser-dynamic',
65 silly mapToRegistry   scope: '@angular',
65 silly mapToRegistry   name: '@angular/platform-browser-dynamic',
65 silly mapToRegistry   rawSpec: '',
65 silly mapToRegistry   spec: 'latest',
65 silly mapToRegistry   type: 'tag' }
66 silly mapToRegistry uri https://registry.npmjs.org/@angular%2fplatform-browser-dynamic
67 silly fetchNamedPackageData @angular/router-deprecated
68 silly mapToRegistry name @angular/router-deprecated
69 silly mapToRegistry scope (from package name) @angular
70 verbose mapToRegistry no registry URL found in name for scope @angular
71 silly mapToRegistry using default registry
72 silly mapToRegistry registry https://registry.npmjs.org/
73 silly mapToRegistry data Result {
73 silly mapToRegistry   raw: '@angular/router-deprecated',
73 silly mapToRegistry   scope: '@angular',
73 silly mapToRegistry   name: '@angular/router-deprecated',
73 silly mapToRegistry   rawSpec: '',
73 silly mapToRegistry   spec: 'latest',
73 silly mapToRegistry   type: 'tag' }
74 silly mapToRegistry uri https://registry.npmjs.org/@angular%2frouter-deprecated
75 silly fetchNamedPackageData @angular/upgrade
76 silly mapToRegistry name @angular/upgrade
77 silly mapToRegistry scope (from package name) @angular
78 verbose mapToRegistry no registry URL found in name for scope @angular
79 silly mapToRegistry using default registry
80 silly mapToRegistry registry https://registry.npmjs.org/
81 silly mapToRegistry data Result {
81 silly mapToRegistry   raw: '@angular/upgrade',
81 silly mapToRegistry   scope: '@angular',
81 silly mapToRegistry   name: '@angular/upgrade',
81 silly mapToRegistry   rawSpec: '',
81 silly mapToRegistry   spec: 'latest',
81 silly mapToRegistry   type: 'tag' }
82 silly mapToRegistry uri https://registry.npmjs.org/@angular%2fupgrade
83 silly fetchNamedPackageData systemjs-builder
84 silly mapToRegistry name systemjs-builder
85 silly mapToRegistry using default registry
86 silly mapToRegistry registry https://registry.npmjs.org/
87 silly mapToRegistry data Result {
87 silly mapToRegistry   raw: 'systemjs-builder',
87 silly mapToRegistry   scope: null,
87 silly mapToRegistry   name: 'systemjs-builder',
87 silly mapToRegistry   rawSpec: '',
87 silly mapToRegistry   spec: 'latest',
87 silly mapToRegistry   type: 'tag' }
88 silly mapToRegistry uri https://registry.npmjs.org/systemjs-builder
89 silly fetchNamedPackageData @angular/router
90 silly mapToRegistry name @angular/router
91 silly mapToRegistry scope (from package name) @angular
92 verbose mapToRegistry no registry URL found in name for scope @angular
93 silly mapToRegistry using default registry
94 silly mapToRegistry registry https://registry.npmjs.org/
95 silly mapToRegistry data Result {
95 silly mapToRegistry   raw: '@angular/router',
95 silly mapToRegistry   scope: '@angular',
95 silly mapToRegistry   name: '@angular/router',
95 silly mapToRegistry   rawSpec: '',
95 silly mapToRegistry   spec: 'latest',
95 silly mapToRegistry   type: 'tag' }
96 silly mapToRegistry uri https://registry.npmjs.org/@angular%2frouter
97 verbose request uri https://registry.npmjs.org/@angular%2fcompiler
98 verbose request no auth needed
99 info attempt registry request try #1 at 2:42:11 PM
100 verbose request id abb2b4ec8417efc5
101 verbose etag "CM5G08T6C28X22FSNWO7J2TLK"
102 http request GET https://registry.npmjs.org/@angular%2fcompiler
103 verbose request uri https://registry.npmjs.org/@angular%2fcommon
104 verbose request no auth needed
105 info attempt registry request try #1 at 2:42:11 PM
106 verbose etag "1MX65A9TMSPAGW3KYVYYPWQGP"
107 http request GET https://registry.npmjs.org/@angular%2fcommon
108 verbose request uri https://registry.npmjs.org/@angular%2fcore
109 verbose request no auth needed
110 info attempt registry request try #1 at 2:42:11 PM
111 verbose etag "EIJG17UQRHP1AQFW6MLJUR2UT"
112 http request GET https://registry.npmjs.org/@angular%2fcore
113 verbose request uri https://registry.npmjs.org/@angular%2fhttp
114 verbose request no auth needed
115 info attempt registry request try #1 at 2:42:11 PM
116 verbose etag "2OH9U5I70FNJBCLH9V4ZKM9N7"
117 http request GET https://registry.npmjs.org/@angular%2fhttp
118 verbose request uri https://registry.npmjs.org/@angular%2fplatform-browser
119 verbose request no auth needed
120 info attempt registry request try #1 at 2:42:11 PM
121 verbose etag "EUIWOGYU4MEWY438P6TG1S5Q3"
122 http request GET https://registry.npmjs.org/@angular%2fplatform-browser
123 verbose request uri https://registry.npmjs.org/@angular%2frouter-deprecated
124 verbose request no auth needed
125 info attempt registry request try #1 at 2:42:11 PM
126 verbose etag "4N3WIBBPFSIBA83WA7GKRUC7Z"
127 http request GET https://registry.npmjs.org/@angular%2frouter-deprecated
128 verbose request uri https://registry.npmjs.org/@angular%2fplatform-browser-dynamic
129 verbose request no auth needed
130 info attempt registry request try #1 at 2:42:11 PM
131 verbose etag "7N7FAOI1YCFISVJPCSO182KL2"
132 http request GET https://registry.npmjs.org/@angular%2fplatform-browser-dynamic
133 verbose request uri https://registry.npmjs.org/@angular%2fupgrade
134 verbose request no auth needed
135 info attempt registry request try #1 at 2:42:11 PM
136 verbose etag "9OIHQJ53AACBF3NDKE8JHC8IC"
137 http request GET https://registry.npmjs.org/@angular%2fupgrade
138 verbose request uri https://registry.npmjs.org/@angular%2frouter
139 verbose request no auth needed
140 info attempt registry request try #1 at 2:42:11 PM
141 verbose etag "AXROQYXPJM2XJZYN8OV228MDB"
142 http request GET https://registry.npmjs.org/@angular%2frouter
143 verbose request uri https://registry.npmjs.org/systemjs-builder
144 verbose request no auth needed
145 info attempt registry request try #1 at 2:42:11 PM
146 verbose etag "36L9QISUT0S44T7F1YLRXD74Q"
147 http request GET https://registry.npmjs.org/systemjs-builder
148 http 304 https://registry.npmjs.org/@angular%2fcompiler
149 verbose headers { date: 'Wed, 06 Jul 2016 12:42:12 GMT',
149 verbose headers   via: '1.1 varnish',
149 verbose headers   'cache-control': 'max-age=0',
149 verbose headers   etag: '"CM5G08T6C28X22FSNWO7J2TLK"',
149 verbose headers   age: '0',
149 verbose headers   connection: 'keep-alive',
149 verbose headers   'x-served-by': 'cache-fra1236-FRA',
149 verbose headers   'x-cache': 'MISS',
149 verbose headers   'x-cache-hits': '0',
149 verbose headers   'x-timer': 'S1467808932.038566,VS0,VE794',
149 verbose headers   vary: 'Accept-Encoding' }
150 silly get cb [ 304,
150 silly get   { date: 'Wed, 06 Jul 2016 12:42:12 GMT',
150 silly get     via: '1.1 varnish',
150 silly get     'cache-control': 'max-age=0',
150 silly get     etag: '"CM5G08T6C28X22FSNWO7J2TLK"',
150 silly get     age: '0',
150 silly get     connection: 'keep-alive',
150 silly get     'x-served-by': 'cache-fra1236-FRA',
150 silly get     'x-cache': 'MISS',
150 silly get     'x-cache-hits': '0',
150 silly get     'x-timer': 'S1467808932.038566,VS0,VE794',
150 silly get     vary: 'Accept-Encoding' } ]
151 verbose etag https://registry.npmjs.org/@angular%2fcompiler from cache
152 verbose get saving @angular/compiler to /home/tadeussenf/.npm/registry.npmjs.org/_40angular_252fcompiler/.cache.json
153 verbose correctMkdir /home/tadeussenf/.npm correctMkdir not in flight; initializing
154 http 200 https://registry.npmjs.org/@angular%2fcommon
155 verbose headers { server: 'CouchDB/1.5.0 (Erlang OTP/R16B03)',
155 verbose headers   etag: '"CGZTS01IP31IU0I6WA2FWMEIU"',
155 verbose headers   'content-type': 'application/json',
155 verbose headers   'content-encoding': 'gzip',
155 verbose headers   'cache-control': 'max-age=0',
155 verbose headers   'transfer-encoding': 'chunked',
155 verbose headers   'accept-ranges': 'bytes',
155 verbose headers   date: 'Wed, 06 Jul 2016 12:42:12 GMT',
155 verbose headers   via: '1.1 varnish',
155 verbose headers   connection: 'keep-alive',
155 verbose headers   'x-served-by': 'cache-fra1225-FRA',
155 verbose headers   'x-cache': 'MISS',
155 verbose headers   'x-cache-hits': '0',
155 verbose headers   'x-timer': 'S1467808932.030091,VS0,VE767',
155 verbose headers   vary: 'Accept-Encoding' }
156 silly get cb [ 200,
156 silly get   { server: 'CouchDB/1.5.0 (Erlang OTP/R16B03)',
156 silly get     etag: '"CGZTS01IP31IU0I6WA2FWMEIU"',
156 silly get     'content-type': 'application/json',
156 silly get     'content-encoding': 'gzip',
156 silly get     'cache-control': 'max-age=0',
156 silly get     'transfer-encoding': 'chunked',
156 silly get     'accept-ranges': 'bytes',
156 silly get     date: 'Wed, 06 Jul 2016 12:42:12 GMT',
156 silly get     via: '1.1 varnish',
156 silly get     connection: 'keep-alive',
156 silly get     'x-served-by': 'cache-fra1225-FRA',
156 silly get     'x-cache': 'MISS',
156 silly get     'x-cache-hits': '0',
156 silly get     'x-timer': 'S1467808932.030091,VS0,VE767',
156 silly get     vary: 'Accept-Encoding' } ]
157 verbose get saving @angular/common to /home/tadeussenf/.npm/registry.npmjs.org/_40angular_252fcommon/.cache.json
158 verbose correctMkdir /home/tadeussenf/.npm correctMkdir not in flight; initializing
159 silly resolveWithNewModule @angular/compiler@2.0.0-rc.3 checking installable status
160 silly cache add args [ '@angular/compiler@2.0.0-rc.3', null ]
161 verbose cache add spec @angular/compiler@2.0.0-rc.3
162 silly cache add parsed spec Result {
162 silly cache add   raw: '@angular/compiler@2.0.0-rc.3',
162 silly cache add   scope: '@angular',
162 silly cache add   name: '@angular/compiler',
162 silly cache add   rawSpec: '2.0.0-rc.3',
162 silly cache add   spec: '2.0.0-rc.3',
162 silly cache add   type: 'version' }
163 silly addNamed @angular/compiler@2.0.0-rc.3
164 verbose addNamed "2.0.0-rc.3" is a plain semver version for @angular/compiler
165 silly mapToRegistry name @angular/compiler
166 silly mapToRegistry scope (from package name) @angular
167 verbose mapToRegistry no registry URL found in name for scope @angular
168 silly mapToRegistry using default registry
169 silly mapToRegistry registry https://registry.npmjs.org/
170 silly mapToRegistry data Result {
170 silly mapToRegistry   raw: '@angular/compiler',
170 silly mapToRegistry   scope: '@angular',
170 silly mapToRegistry   name: '@angular/compiler',
170 silly mapToRegistry   rawSpec: '',
170 silly mapToRegistry   spec: 'latest',
170 silly mapToRegistry   type: 'tag' }
171 silly mapToRegistry uri https://registry.npmjs.org/@angular%2fcompiler
172 verbose addNameVersion registry:https://registry.npmjs.org/@angular%2fcompiler not in flight; fetching
173 silly resolveWithNewModule @angular/common@2.0.0-rc.3 checking installable status
174 silly cache add args [ '@angular/common@2.0.0-rc.3', null ]
175 verbose cache add spec @angular/common@2.0.0-rc.3
176 silly cache add parsed spec Result {
176 silly cache add   raw: '@angular/common@2.0.0-rc.3',
176 silly cache add   scope: '@angular',
176 silly cache add   name: '@angular/common',
176 silly cache add   rawSpec: '2.0.0-rc.3',
176 silly cache add   spec: '2.0.0-rc.3',
176 silly cache add   type: 'version' }
177 silly addNamed @angular/common@2.0.0-rc.3
178 verbose addNamed "2.0.0-rc.3" is a plain semver version for @angular/common
179 silly mapToRegistry name @angular/common
180 silly mapToRegistry scope (from package name) @angular
181 verbose mapToRegistry no registry URL found in name for scope @angular
182 silly mapToRegistry using default registry
183 silly mapToRegistry registry https://registry.npmjs.org/
184 silly mapToRegistry data Result {
184 silly mapToRegistry   raw: '@angular/common',
184 silly mapToRegistry   scope: '@angular',
184 silly mapToRegistry   name: '@angular/common',
184 silly mapToRegistry   rawSpec: '',
184 silly mapToRegistry   spec: 'latest',
184 silly mapToRegistry   type: 'tag' }
185 silly mapToRegistry uri https://registry.npmjs.org/@angular%2fcommon
186 verbose addNameVersion registry:https://registry.npmjs.org/@angular%2fcommon not in flight; fetching
187 verbose get https://registry.npmjs.org/@angular%2fcompiler not expired, no request
188 verbose get https://registry.npmjs.org/@angular%2fcommon not expired, no request
189 silly cache afterAdd @angular/common@2.0.0-rc.3
190 verbose afterAdd /home/tadeussenf/.npm/@angular/common/2.0.0-rc.3/package/package.json not in flight; writing
191 verbose correctMkdir /home/tadeussenf/.npm correctMkdir not in flight; initializing
192 silly cache afterAdd @angular/compiler@2.0.0-rc.3
193 verbose afterAdd /home/tadeussenf/.npm/@angular/compiler/2.0.0-rc.3/package/package.json not in flight; writing
194 verbose correctMkdir /home/tadeussenf/.npm correctMkdir not in flight; initializing
195 verbose afterAdd /home/tadeussenf/.npm/@angular/common/2.0.0-rc.3/package/package.json written
196 verbose afterAdd /home/tadeussenf/.npm/@angular/compiler/2.0.0-rc.3/package/package.json written
197 http 304 https://registry.npmjs.org/systemjs-builder
198 verbose headers { date: 'Wed, 06 Jul 2016 12:42:17 GMT',
198 verbose headers   via: '1.1 varnish',
198 verbose headers   'cache-control': 'max-age=300',
198 verbose headers   etag: '"36L9QISUT0S44T7F1YLRXD74Q"',
198 verbose headers   age: '158',
198 verbose headers   connection: 'keep-alive',
198 verbose headers   'x-served-by': 'cache-fra1223-FRA',
198 verbose headers   'x-cache': 'HIT',
198 verbose headers   'x-cache-hits': '3',
198 verbose headers   'x-timer': 'S1467808937.065127,VS0,VE0',
198 verbose headers   vary: 'Accept-Encoding' }
199 silly get cb [ 304,
199 silly get   { date: 'Wed, 06 Jul 2016 12:42:17 GMT',
199 silly get     via: '1.1 varnish',
199 silly get     'cache-control': 'max-age=300',
199 silly get     etag: '"36L9QISUT0S44T7F1YLRXD74Q"',
199 silly get     age: '158',
199 silly get     connection: 'keep-alive',
199 silly get     'x-served-by': 'cache-fra1223-FRA',
199 silly get     'x-cache': 'HIT',
199 silly get     'x-cache-hits': '3',
199 silly get     'x-timer': 'S1467808937.065127,VS0,VE0',
199 silly get     vary: 'Accept-Encoding' } ]
200 verbose etag https://registry.npmjs.org/systemjs-builder from cache
201 verbose get saving systemjs-builder to /home/tadeussenf/.npm/registry.npmjs.org/systemjs-builder/.cache.json
202 verbose correctMkdir /home/tadeussenf/.npm correctMkdir not in flight; initializing
203 silly resolveWithNewModule systemjs-builder@0.15.16 checking installable status
204 silly cache add args [ 'systemjs-builder@0.15.16', null ]
205 verbose cache add spec systemjs-builder@0.15.16
206 silly cache add parsed spec Result {
206 silly cache add   raw: 'systemjs-builder@0.15.16',
206 silly cache add   scope: null,
206 silly cache add   name: 'systemjs-builder',
206 silly cache add   rawSpec: '0.15.16',
206 silly cache add   spec: '0.15.16',
206 silly cache add   type: 'version' }
207 silly addNamed systemjs-builder@0.15.16
208 verbose addNamed "0.15.16" is a plain semver version for systemjs-builder
209 silly mapToRegistry name systemjs-builder
210 silly mapToRegistry using default registry
211 silly mapToRegistry registry https://registry.npmjs.org/
212 silly mapToRegistry data Result {
212 silly mapToRegistry   raw: 'systemjs-builder',
212 silly mapToRegistry   scope: null,
212 silly mapToRegistry   name: 'systemjs-builder',
212 silly mapToRegistry   rawSpec: '',
212 silly mapToRegistry   spec: 'latest',
212 silly mapToRegistry   type: 'tag' }
213 silly mapToRegistry uri https://registry.npmjs.org/systemjs-builder
214 verbose addNameVersion registry:https://registry.npmjs.org/systemjs-builder not in flight; fetching
215 verbose get https://registry.npmjs.org/systemjs-builder not expired, no request
216 silly mapToRegistry name systemjs-builder
217 silly mapToRegistry using default registry
218 silly mapToRegistry registry https://registry.npmjs.org/
219 silly mapToRegistry data Result {
219 silly mapToRegistry   raw: 'systemjs-builder',
219 silly mapToRegistry   scope: null,
219 silly mapToRegistry   name: 'systemjs-builder',
219 silly mapToRegistry   rawSpec: '',
219 silly mapToRegistry   spec: 'latest',
219 silly mapToRegistry   type: 'tag' }
220 silly mapToRegistry uri https://registry.npmjs.org/systemjs-builder
221 verbose addRemoteTarball https://registry.npmjs.org/systemjs-builder/-/systemjs-builder-0.15.16.tgz not in flight; adding
222 verbose addRemoteTarball [ 'https://registry.npmjs.org/systemjs-builder/-/systemjs-builder-0.15.16.tgz',
222 verbose addRemoteTarball   'd43e1296ec94e805e8834184539a28fdb2867b3b' ]
223 info retry fetch attempt 1 at 2:42:16 PM
224 info attempt registry request try #1 at 2:42:16 PM
225 http fetch GET https://registry.npmjs.org/systemjs-builder/-/systemjs-builder-0.15.16.tgz
226 http fetch 200 https://registry.npmjs.org/systemjs-builder/-/systemjs-builder-0.15.16.tgz
227 silly fetchAndShaCheck shasum d43e1296ec94e805e8834184539a28fdb2867b3b
228 verbose addTmpTarball /tmp/npm-21422-a8067590/registry.npmjs.org/systemjs-builder/-/systemjs-builder-0.15.16.tgz not in flight; adding
229 verbose addTmpTarball already have metadata; skipping unpack for systemjs-builder@0.15.16
230 verbose correctMkdir /home/tadeussenf/.npm correctMkdir not in flight; initializing
231 silly cache afterAdd systemjs-builder@0.15.16
232 verbose afterAdd /home/tadeussenf/.npm/systemjs-builder/0.15.16/package/package.json not in flight; writing
233 verbose correctMkdir /home/tadeussenf/.npm correctMkdir not in flight; initializing
234 verbose afterAdd /home/tadeussenf/.npm/systemjs-builder/0.15.16/package/package.json written
235 http 200 https://registry.npmjs.org/@angular%2fplatform-browser-dynamic
236 verbose headers { server: 'CouchDB/1.5.0 (Erlang OTP/R16B03)',
236 verbose headers   etag: '"EAJDGF3RQXE692DCJE40D7TQH"',
236 verbose headers   'content-type': 'application/json',
236 verbose headers   'content-encoding': 'gzip',
236 verbose headers   'cache-control': 'max-age=0',
236 verbose headers   'transfer-encoding': 'chunked',
236 verbose headers   'accept-ranges': 'bytes',
236 verbose headers   date: 'Wed, 06 Jul 2016 12:42:17 GMT',
236 verbose headers   via: '1.1 varnish',
236 verbose headers   age: '0',
236 verbose headers   connection: 'keep-alive',
236 verbose headers   'x-served-by': 'cache-fra1247-FRA',
236 verbose headers   'x-cache': 'MISS',
236 verbose headers   'x-cache-hits': '0',
236 verbose headers   'x-timer': 'S1467808937.067407,VS0,VE242',
236 verbose headers   vary: 'Accept-Encoding' }
237 silly get cb [ 200,
237 silly get   { server: 'CouchDB/1.5.0 (Erlang OTP/R16B03)',
237 silly get     etag: '"EAJDGF3RQXE692DCJE40D7TQH"',
237 silly get     'content-type': 'application/json',
237 silly get     'content-encoding': 'gzip',
237 silly get     'cache-control': 'max-age=0',
237 silly get     'transfer-encoding': 'chunked',
237 silly get     'accept-ranges': 'bytes',
237 silly get     date: 'Wed, 06 Jul 2016 12:42:17 GMT',
237 silly get     via: '1.1 varnish',
237 silly get     age: '0',
237 silly get     connection: 'keep-alive',
237 silly get     'x-served-by': 'cache-fra1247-FRA',
237 silly get     'x-cache': 'MISS',
237 silly get     'x-cache-hits': '0',
237 silly get     'x-timer': 'S1467808937.067407,VS0,VE242',
237 silly get     vary: 'Accept-Encoding' } ]
238 verbose get saving @angular/platform-browser-dynamic to /home/tadeussenf/.npm/registry.npmjs.org/_40angular_252fplatform-browser-dynamic/.cache.json
239 verbose correctMkdir /home/tadeussenf/.npm correctMkdir not in flight; initializing
240 silly resolveWithNewModule @angular/platform-browser-dynamic@2.0.0-rc.3 checking installable status
241 silly cache add args [ '@angular/platform-browser-dynamic@2.0.0-rc.3', null ]
242 verbose cache add spec @angular/platform-browser-dynamic@2.0.0-rc.3
243 silly cache add parsed spec Result {
243 silly cache add   raw: '@angular/platform-browser-dynamic@2.0.0-rc.3',
243 silly cache add   scope: '@angular',
243 silly cache add   name: '@angular/platform-browser-dynamic',
243 silly cache add   rawSpec: '2.0.0-rc.3',
243 silly cache add   spec: '2.0.0-rc.3',
243 silly cache add   type: 'version' }
244 silly addNamed @angular/platform-browser-dynamic@2.0.0-rc.3
245 verbose addNamed "2.0.0-rc.3" is a plain semver version for @angular/platform-browser-dynamic
246 silly mapToRegistry name @angular/platform-browser-dynamic
247 silly mapToRegistry scope (from package name) @angular
248 verbose mapToRegistry no registry URL found in name for scope @angular
249 silly mapToRegistry using default registry
250 silly mapToRegistry registry https://registry.npmjs.org/
251 silly mapToRegistry data Result {
251 silly mapToRegistry   raw: '@angular/platform-browser-dynamic',
251 silly mapToRegistry   scope: '@angular',
251 silly mapToRegistry   name: '@angular/platform-browser-dynamic',
251 silly mapToRegistry   rawSpec: '',
251 silly mapToRegistry   spec: 'latest',
251 silly mapToRegistry   type: 'tag' }
252 silly mapToRegistry uri https://registry.npmjs.org/@angular%2fplatform-browser-dynamic
253 verbose addNameVersion registry:https://registry.npmjs.org/@angular%2fplatform-browser-dynamic not in flight; fetching
254 verbose get https://registry.npmjs.org/@angular%2fplatform-browser-dynamic not expired, no request
255 silly cache afterAdd @angular/platform-browser-dynamic@2.0.0-rc.3
256 verbose afterAdd /home/tadeussenf/.npm/@angular/platform-browser-dynamic/2.0.0-rc.3/package/package.json not in flight; writing
257 verbose correctMkdir /home/tadeussenf/.npm correctMkdir not in flight; initializing
258 verbose afterAdd /home/tadeussenf/.npm/@angular/platform-browser-dynamic/2.0.0-rc.3/package/package.json written
259 http 200 https://registry.npmjs.org/@angular%2fhttp
260 verbose headers { server: 'CouchDB/1.6.1 (Erlang OTP/R16B03)',
260 verbose headers   etag: '"DFT1G9OMUJQ9UAESG79B8WAWO"',
260 verbose headers   'content-type': 'application/json',
260 verbose headers   'content-encoding': 'gzip',
260 verbose headers   'cache-control': 'max-age=0',
260 verbose headers   'transfer-encoding': 'chunked',
260 verbose headers   'accept-ranges': 'bytes',
260 verbose headers   date: 'Wed, 06 Jul 2016 12:42:17 GMT',
260 verbose headers   via: '1.1 varnish',
260 verbose headers   age: '0',
260 verbose headers   connection: 'keep-alive',
260 verbose headers   'x-served-by': 'cache-fra1224-FRA',
260 verbose headers   'x-cache': 'MISS',
260 verbose headers   'x-cache-hits': '0',
260 verbose headers   'x-timer': 'S1467808937.049853,VS0,VE405',
260 verbose headers   vary: 'Accept-Encoding' }
261 silly get cb [ 200,
261 silly get   { server: 'CouchDB/1.6.1 (Erlang OTP/R16B03)',
261 silly get     etag: '"DFT1G9OMUJQ9UAESG79B8WAWO"',
261 silly get     'content-type': 'application/json',
261 silly get     'content-encoding': 'gzip',
261 silly get     'cache-control': 'max-age=0',
261 silly get     'transfer-encoding': 'chunked',
261 silly get     'accept-ranges': 'bytes',
261 silly get     date: 'Wed, 06 Jul 2016 12:42:17 GMT',
261 silly get     via: '1.1 varnish',
261 silly get     age: '0',
261 silly get     connection: 'keep-alive',
261 silly get     'x-served-by': 'cache-fra1224-FRA',
261 silly get     'x-cache': 'MISS',
261 silly get     'x-cache-hits': '0',
261 silly get     'x-timer': 'S1467808937.049853,VS0,VE405',
261 silly get     vary: 'Accept-Encoding' } ]
262 verbose get saving @angular/http to /home/tadeussenf/.npm/registry.npmjs.org/_40angular_252fhttp/.cache.json
263 verbose correctMkdir /home/tadeussenf/.npm correctMkdir not in flight; initializing
264 silly resolveWithNewModule @angular/http@2.0.0-rc.3 checking installable status
265 silly cache add args [ '@angular/http@2.0.0-rc.3', null ]
266 verbose cache add spec @angular/http@2.0.0-rc.3
267 silly cache add parsed spec Result {
267 silly cache add   raw: '@angular/http@2.0.0-rc.3',
267 silly cache add   scope: '@angular',
267 silly cache add   name: '@angular/http',
267 silly cache add   rawSpec: '2.0.0-rc.3',
267 silly cache add   spec: '2.0.0-rc.3',
267 silly cache add   type: 'version' }
268 silly addNamed @angular/http@2.0.0-rc.3
269 verbose addNamed "2.0.0-rc.3" is a plain semver version for @angular/http
270 silly mapToRegistry name @angular/http
271 silly mapToRegistry scope (from package name) @angular
272 verbose mapToRegistry no registry URL found in name for scope @angular
273 silly mapToRegistry using default registry
274 silly mapToRegistry registry https://registry.npmjs.org/
275 silly mapToRegistry data Result {
275 silly mapToRegistry   raw: '@angular/http',
275 silly mapToRegistry   scope: '@angular',
275 silly mapToRegistry   name: '@angular/http',
275 silly mapToRegistry   rawSpec: '',
275 silly mapToRegistry   spec: 'latest',
275 silly mapToRegistry   type: 'tag' }
276 silly mapToRegistry uri https://registry.npmjs.org/@angular%2fhttp
277 verbose addNameVersion registry:https://registry.npmjs.org/@angular%2fhttp not in flight; fetching
278 verbose get https://registry.npmjs.org/@angular%2fhttp not expired, no request
279 silly cache afterAdd @angular/http@2.0.0-rc.3
280 verbose afterAdd /home/tadeussenf/.npm/@angular/http/2.0.0-rc.3/package/package.json not in flight; writing
281 verbose correctMkdir /home/tadeussenf/.npm correctMkdir not in flight; initializing
282 verbose afterAdd /home/tadeussenf/.npm/@angular/http/2.0.0-rc.3/package/package.json written
283 http 200 https://registry.npmjs.org/@angular%2fcore
284 verbose headers { server: 'CouchDB/1.6.1 (Erlang OTP/R16B03)',
284 verbose headers   etag: '"1X37YGWTH6TF2CMA8R4JNSJFQ"',
284 verbose headers   'content-type': 'application/json',
284 verbose headers   'content-encoding': 'gzip',
284 verbose headers   'cache-control': 'max-age=0',
284 verbose headers   'transfer-encoding': 'chunked',
284 verbose headers   'accept-ranges': 'bytes',
284 verbose headers   date: 'Wed, 06 Jul 2016 12:42:17 GMT',
284 verbose headers   via: '1.1 varnish',
284 verbose headers   age: '0',
284 verbose headers   connection: 'keep-alive',
284 verbose headers   'x-served-by': 'cache-fra1240-FRA',
284 verbose headers   'x-cache': 'MISS',
284 verbose headers   'x-cache-hits': '0',
284 verbose headers   'x-timer': 'S1467808937.049791,VS0,VE419',
284 verbose headers   vary: 'Accept-Encoding' }
285 silly get cb [ 200,
285 silly get   { server: 'CouchDB/1.6.1 (Erlang OTP/R16B03)',
285 silly get     etag: '"1X37YGWTH6TF2CMA8R4JNSJFQ"',
285 silly get     'content-type': 'application/json',
285 silly get     'content-encoding': 'gzip',
285 silly get     'cache-control': 'max-age=0',
285 silly get     'transfer-encoding': 'chunked',
285 silly get     'accept-ranges': 'bytes',
285 silly get     date: 'Wed, 06 Jul 2016 12:42:17 GMT',
285 silly get     via: '1.1 varnish',
285 silly get     age: '0',
285 silly get     connection: 'keep-alive',
285 silly get     'x-served-by': 'cache-fra1240-FRA',
285 silly get     'x-cache': 'MISS',
285 silly get     'x-cache-hits': '0',
285 silly get     'x-timer': 'S1467808937.049791,VS0,VE419',
285 silly get     vary: 'Accept-Encoding' } ]
286 verbose get saving @angular/core to /home/tadeussenf/.npm/registry.npmjs.org/_40angular_252fcore/.cache.json
287 verbose correctMkdir /home/tadeussenf/.npm correctMkdir not in flight; initializing
288 silly resolveWithNewModule @angular/core@2.0.0-rc.3 checking installable status
289 silly cache add args [ '@angular/core@2.0.0-rc.3', null ]
290 verbose cache add spec @angular/core@2.0.0-rc.3
291 silly cache add parsed spec Result {
291 silly cache add   raw: '@angular/core@2.0.0-rc.3',
291 silly cache add   scope: '@angular',
291 silly cache add   name: '@angular/core',
291 silly cache add   rawSpec: '2.0.0-rc.3',
291 silly cache add   spec: '2.0.0-rc.3',
291 silly cache add   type: 'version' }
292 silly addNamed @angular/core@2.0.0-rc.3
293 verbose addNamed "2.0.0-rc.3" is a plain semver version for @angular/core
294 silly mapToRegistry name @angular/core
295 silly mapToRegistry scope (from package name) @angular
296 verbose mapToRegistry no registry URL found in name for scope @angular
297 silly mapToRegistry using default registry
298 silly mapToRegistry registry https://registry.npmjs.org/
299 silly mapToRegistry data Result {
299 silly mapToRegistry   raw: '@angular/core',
299 silly mapToRegistry   scope: '@angular',
299 silly mapToRegistry   name: '@angular/core',
299 silly mapToRegistry   rawSpec: '',
299 silly mapToRegistry   spec: 'latest',
299 silly mapToRegistry   type: 'tag' }
300 silly mapToRegistry uri https://registry.npmjs.org/@angular%2fcore
301 verbose addNameVersion registry:https://registry.npmjs.org/@angular%2fcore not in flight; fetching
302 http 200 https://registry.npmjs.org/@angular%2frouter
303 verbose headers { server: 'CouchDB/1.5.0 (Erlang OTP/R16B03)',
303 verbose headers   etag: '"DD28O01QUYE6JU5L78X8HCXYH"',
303 verbose headers   'content-type': 'application/json',
303 verbose headers   'content-encoding': 'gzip',
303 verbose headers   'cache-control': 'max-age=0',
303 verbose headers   'transfer-encoding': 'chunked',
303 verbose headers   'accept-ranges': 'bytes',
303 verbose headers   date: 'Wed, 06 Jul 2016 12:42:17 GMT',
303 verbose headers   via: '1.1 varnish',
303 verbose headers   connection: 'keep-alive',
303 verbose headers   'x-served-by': 'cache-fra1227-FRA',
303 verbose headers   'x-cache': 'MISS',
303 verbose headers   'x-cache-hits': '0',
303 verbose headers   'x-timer': 'S1467808937.054355,VS0,VE417',
303 verbose headers   vary: 'Accept-Encoding' }
304 silly get cb [ 200,
304 silly get   { server: 'CouchDB/1.5.0 (Erlang OTP/R16B03)',
304 silly get     etag: '"DD28O01QUYE6JU5L78X8HCXYH"',
304 silly get     'content-type': 'application/json',
304 silly get     'content-encoding': 'gzip',
304 silly get     'cache-control': 'max-age=0',
304 silly get     'transfer-encoding': 'chunked',
304 silly get     'accept-ranges': 'bytes',
304 silly get     date: 'Wed, 06 Jul 2016 12:42:17 GMT',
304 silly get     via: '1.1 varnish',
304 silly get     connection: 'keep-alive',
304 silly get     'x-served-by': 'cache-fra1227-FRA',
304 silly get     'x-cache': 'MISS',
304 silly get     'x-cache-hits': '0',
304 silly get     'x-timer': 'S1467808937.054355,VS0,VE417',
304 silly get     vary: 'Accept-Encoding' } ]
305 verbose get saving @angular/router to /home/tadeussenf/.npm/registry.npmjs.org/_40angular_252frouter/.cache.json
306 verbose correctMkdir /home/tadeussenf/.npm correctMkdir not in flight; initializing
307 verbose get https://registry.npmjs.org/@angular%2fcore not expired, no request
308 silly cache afterAdd @angular/core@2.0.0-rc.3
309 verbose afterAdd /home/tadeussenf/.npm/@angular/core/2.0.0-rc.3/package/package.json not in flight; writing
310 verbose correctMkdir /home/tadeussenf/.npm correctMkdir not in flight; initializing
311 silly fetchPackageMetaData Error: No compatible version found: @angular/router@@3.0.0-alpha.7
311 silly fetchPackageMetaData Valid install targets:
311 silly fetchPackageMetaData 3.0.0-beta.2, 3.0.0-beta.1, 3.0.0-alpha.8, 3.0.0-alpha.7, 3.0.0-alpha.6, 3.0.0-alpha.5, 3.0.0-alpha.4, 3.0.0-alpha.3, 3.0.0-alpha.2, 3.0.0-alpha.1, 3.0.0-alpha.0, 2.0.0-rc.2, 2.0.0-rc.1, 2.0.0-rc.0, 0.2.0, 0.1.0, 0.0.1, 0.0.0-7, 0.0.0-6, 0.0.0-5, 0.0.0-4, 0.0.0-3, 0.0.0-2, 0.0.0-1, 0.0.0-0
311 silly fetchPackageMetaData
311 silly fetchPackageMetaData     at pickVersionFromRegistryDocument (/usr/lib/node_modules/npm/lib/fetch-package-metadata.js:156:16)
311 silly fetchPackageMetaData     at /usr/lib/node_modules/npm/node_modules/iferr/index.js:13:50
311 silly fetchPackageMetaData     at /usr/lib/node_modules/npm/lib/utils/pulse-till-done.js:19:8
311 silly fetchPackageMetaData     at saved (/usr/lib/node_modules/npm/lib/cache/caching-client.js:168:7)
311 silly fetchPackageMetaData     at /usr/lib/node_modules/npm/node_modules/graceful-fs/polyfills.js:210:7
311 silly fetchPackageMetaData     at FSReqWrap.oncomplete (fs.js:82:15)
311 silly fetchPackageMetaData  error for @angular/router@@3.0.0-alpha.7 [Error: No compatible version found: @angular/router@@3.0.0-alpha.7
311 silly fetchPackageMetaData Valid install targets:
311 silly fetchPackageMetaData 3.0.0-beta.2, 3.0.0-beta.1, 3.0.0-alpha.8, 3.0.0-alpha.7, 3.0.0-alpha.6, 3.0.0-alpha.5, 3.0.0-alpha.4, 3.0.0-alpha.3, 3.0.0-alpha.2, 3.0.0-alpha.1, 3.0.0-alpha.0, 2.0.0-rc.2, 2.0.0-rc.1, 2.0.0-rc.0, 0.2.0, 0.1.0, 0.0.1, 0.0.0-7, 0.0.0-6, 0.0.0-5, 0.0.0-4, 0.0.0-3, 0.0.0-2, 0.0.0-1, 0.0.0-0
311 silly fetchPackageMetaData ]
312 http 304 https://registry.npmjs.org/@angular%2frouter-deprecated
313 verbose headers { date: 'Wed, 06 Jul 2016 12:42:17 GMT',
313 verbose headers   via: '1.1 varnish',
313 verbose headers   'cache-control': 'max-age=0',
313 verbose headers   etag: '"4N3WIBBPFSIBA83WA7GKRUC7Z"',
313 verbose headers   age: '0',
313 verbose headers   connection: 'keep-alive',
313 verbose headers   'x-served-by': 'cache-fra1240-FRA',
313 verbose headers   'x-cache': 'MISS',
313 verbose headers   'x-cache-hits': '0',
313 verbose headers   'x-timer': 'S1467808937.054218,VS0,VE428',
313 verbose headers   vary: 'Accept-Encoding' }
314 silly get cb [ 304,
314 silly get   { date: 'Wed, 06 Jul 2016 12:42:17 GMT',
314 silly get     via: '1.1 varnish',
314 silly get     'cache-control': 'max-age=0',
314 silly get     etag: '"4N3WIBBPFSIBA83WA7GKRUC7Z"',
314 silly get     age: '0',
314 silly get     connection: 'keep-alive',
314 silly get     'x-served-by': 'cache-fra1240-FRA',
314 silly get     'x-cache': 'MISS',
314 silly get     'x-cache-hits': '0',
314 silly get     'x-timer': 'S1467808937.054218,VS0,VE428',
314 silly get     vary: 'Accept-Encoding' } ]
315 verbose etag https://registry.npmjs.org/@angular%2frouter-deprecated from cache
316 verbose get saving @angular/router-deprecated to /home/tadeussenf/.npm/registry.npmjs.org/_40angular_252frouter-deprecated/.cache.json
317 verbose correctMkdir /home/tadeussenf/.npm correctMkdir not in flight; initializing
318 verbose afterAdd /home/tadeussenf/.npm/@angular/core/2.0.0-rc.3/package/package.json written
319 silly fetchPackageMetaData Error: No compatible version found: @angular/router-deprecated@2.0.0-rc.3
319 silly fetchPackageMetaData Valid install targets:
319 silly fetchPackageMetaData 2.0.0-rc.2, 2.0.0-rc.1, 2.0.0-rc.0, 0.0.0-7, 0.0.0-6
319 silly fetchPackageMetaData
319 silly fetchPackageMetaData     at pickVersionFromRegistryDocument (/usr/lib/node_modules/npm/lib/fetch-package-metadata.js:156:16)
319 silly fetchPackageMetaData     at /usr/lib/node_modules/npm/node_modules/iferr/index.js:13:50
319 silly fetchPackageMetaData     at /usr/lib/node_modules/npm/lib/utils/pulse-till-done.js:19:8
319 silly fetchPackageMetaData     at saved (/usr/lib/node_modules/npm/lib/cache/caching-client.js:168:7)
319 silly fetchPackageMetaData     at /usr/lib/node_modules/npm/node_modules/graceful-fs/polyfills.js:210:7
319 silly fetchPackageMetaData     at FSReqWrap.oncomplete (fs.js:82:15)
319 silly fetchPackageMetaData  error for @angular/router-deprecated@2.0.0-rc.3 [Error: No compatible version found: @angular/router-deprecated@2.0.0-rc.3
319 silly fetchPackageMetaData Valid install targets:
319 silly fetchPackageMetaData 2.0.0-rc.2, 2.0.0-rc.1, 2.0.0-rc.0, 0.0.0-7, 0.0.0-6
319 silly fetchPackageMetaData ]
320 http 200 https://registry.npmjs.org/@angular%2fupgrade
321 verbose headers { server: 'CouchDB/1.5.0 (Erlang OTP/R16B03)',
321 verbose headers   etag: '"ETNPYE3YVWQ93I4K63JSABP3V"',
321 verbose headers   'content-type': 'application/json',
321 verbose headers   'content-encoding': 'gzip',
321 verbose headers   'cache-control': 'max-age=0',
321 verbose headers   'transfer-encoding': 'chunked',
321 verbose headers   'accept-ranges': 'bytes',
321 verbose headers   date: 'Wed, 06 Jul 2016 12:42:17 GMT',
321 verbose headers   via: '1.1 varnish',
321 verbose headers   age: '0',
321 verbose headers   connection: 'keep-alive',
321 verbose headers   'x-served-by': 'cache-fra1227-FRA',
321 verbose headers   'x-cache': 'MISS',
321 verbose headers   'x-cache-hits': '0',
321 verbose headers   'x-timer': 'S1467808937.063005,VS0,VE460',
321 verbose headers   vary: 'Accept-Encoding' }
322 silly get cb [ 200,
322 silly get   { server: 'CouchDB/1.5.0 (Erlang OTP/R16B03)',
322 silly get     etag: '"ETNPYE3YVWQ93I4K63JSABP3V"',
322 silly get     'content-type': 'application/json',
322 silly get     'content-encoding': 'gzip',
322 silly get     'cache-control': 'max-age=0',
322 silly get     'transfer-encoding': 'chunked',
322 silly get     'accept-ranges': 'bytes',
322 silly get     date: 'Wed, 06 Jul 2016 12:42:17 GMT',
322 silly get     via: '1.1 varnish',
322 silly get     age: '0',
322 silly get     connection: 'keep-alive',
322 silly get     'x-served-by': 'cache-fra1227-FRA',
322 silly get     'x-cache': 'MISS',
322 silly get     'x-cache-hits': '0',
322 silly get     'x-timer': 'S1467808937.063005,VS0,VE460',
322 silly get     vary: 'Accept-Encoding' } ]
323 verbose get saving @angular/upgrade to /home/tadeussenf/.npm/registry.npmjs.org/_40angular_252fupgrade/.cache.json
324 verbose correctMkdir /home/tadeussenf/.npm correctMkdir not in flight; initializing
325 silly resolveWithNewModule @angular/upgrade@2.0.0-rc.3 checking installable status
326 silly cache add args [ '@angular/upgrade@2.0.0-rc.3', null ]
327 verbose cache add spec @angular/upgrade@2.0.0-rc.3
328 silly cache add parsed spec Result {
328 silly cache add   raw: '@angular/upgrade@2.0.0-rc.3',
328 silly cache add   scope: '@angular',
328 silly cache add   name: '@angular/upgrade',
328 silly cache add   rawSpec: '2.0.0-rc.3',
328 silly cache add   spec: '2.0.0-rc.3',
328 silly cache add   type: 'version' }
329 silly addNamed @angular/upgrade@2.0.0-rc.3
330 verbose addNamed "2.0.0-rc.3" is a plain semver version for @angular/upgrade
331 silly mapToRegistry name @angular/upgrade
332 silly mapToRegistry scope (from package name) @angular
333 verbose mapToRegistry no registry URL found in name for scope @angular
334 silly mapToRegistry using default registry
335 silly mapToRegistry registry https://registry.npmjs.org/
336 silly mapToRegistry data Result {
336 silly mapToRegistry   raw: '@angular/upgrade',
336 silly mapToRegistry   scope: '@angular',
336 silly mapToRegistry   name: '@angular/upgrade',
336 silly mapToRegistry   rawSpec: '',
336 silly mapToRegistry   spec: 'latest',
336 silly mapToRegistry   type: 'tag' }
337 silly mapToRegistry uri https://registry.npmjs.org/@angular%2fupgrade
338 verbose addNameVersion registry:https://registry.npmjs.org/@angular%2fupgrade not in flight; fetching
339 verbose get https://registry.npmjs.org/@angular%2fupgrade not expired, no request
340 silly cache afterAdd @angular/upgrade@2.0.0-rc.3
341 verbose afterAdd /home/tadeussenf/.npm/@angular/upgrade/2.0.0-rc.3/package/package.json not in flight; writing
342 verbose correctMkdir /home/tadeussenf/.npm correctMkdir not in flight; initializing
343 verbose afterAdd /home/tadeussenf/.npm/@angular/upgrade/2.0.0-rc.3/package/package.json written
344 http 304 https://registry.npmjs.org/@angular%2fplatform-browser
345 verbose headers { date: 'Wed, 06 Jul 2016 12:42:17 GMT',
345 verbose headers   via: '1.1 varnish',
345 verbose headers   'cache-control': 'max-age=0',
345 verbose headers   etag: '"EUIWOGYU4MEWY438P6TG1S5Q3"',
345 verbose headers   age: '0',
345 verbose headers   connection: 'keep-alive',
345 verbose headers   'x-served-by': 'cache-fra1248-FRA',
345 verbose headers   'x-cache': 'MISS',
345 verbose headers   'x-cache-hits': '0',
345 verbose headers   'x-timer': 'S1467808937.062871,VS0,VE784',
345 verbose headers   vary: 'Accept-Encoding' }
346 silly get cb [ 304,
346 silly get   { date: 'Wed, 06 Jul 2016 12:42:17 GMT',
346 silly get     via: '1.1 varnish',
346 silly get     'cache-control': 'max-age=0',
346 silly get     etag: '"EUIWOGYU4MEWY438P6TG1S5Q3"',
346 silly get     age: '0',
346 silly get     connection: 'keep-alive',
346 silly get     'x-served-by': 'cache-fra1248-FRA',
346 silly get     'x-cache': 'MISS',
346 silly get     'x-cache-hits': '0',
346 silly get     'x-timer': 'S1467808937.062871,VS0,VE784',
346 silly get     vary: 'Accept-Encoding' } ]
347 verbose etag https://registry.npmjs.org/@angular%2fplatform-browser from cache
348 verbose get saving @angular/platform-browser to /home/tadeussenf/.npm/registry.npmjs.org/_40angular_252fplatform-browser/.cache.json
349 verbose correctMkdir /home/tadeussenf/.npm correctMkdir not in flight; initializing
350 silly resolveWithNewModule @angular/platform-browser@2.0.0-rc.3 checking installable status
351 silly cache add args [ '@angular/platform-browser@2.0.0-rc.3', null ]
352 verbose cache add spec @angular/platform-browser@2.0.0-rc.3
353 silly cache add parsed spec Result {
353 silly cache add   raw: '@angular/platform-browser@2.0.0-rc.3',
353 silly cache add   scope: '@angular',
353 silly cache add   name: '@angular/platform-browser',
353 silly cache add   rawSpec: '2.0.0-rc.3',
353 silly cache add   spec: '2.0.0-rc.3',
353 silly cache add   type: 'version' }
354 silly addNamed @angular/platform-browser@2.0.0-rc.3
355 verbose addNamed "2.0.0-rc.3" is a plain semver version for @angular/platform-browser
356 silly mapToRegistry name @angular/platform-browser
357 silly mapToRegistry scope (from package name) @angular
358 verbose mapToRegistry no registry URL found in name for scope @angular
359 silly mapToRegistry using default registry
360 silly mapToRegistry registry https://registry.npmjs.org/
361 silly mapToRegistry data Result {
361 silly mapToRegistry   raw: '@angular/platform-browser',
361 silly mapToRegistry   scope: '@angular',
361 silly mapToRegistry   name: '@angular/platform-browser',
361 silly mapToRegistry   rawSpec: '',
361 silly mapToRegistry   spec: 'latest',
361 silly mapToRegistry   type: 'tag' }
362 silly mapToRegistry uri https://registry.npmjs.org/@angular%2fplatform-browser
363 verbose addNameVersion registry:https://registry.npmjs.org/@angular%2fplatform-browser not in flight; fetching
364 verbose get https://registry.npmjs.org/@angular%2fplatform-browser not expired, no request
365 silly cache afterAdd @angular/platform-browser@2.0.0-rc.3
366 verbose afterAdd /home/tadeussenf/.npm/@angular/platform-browser/2.0.0-rc.3/package/package.json not in flight; writing
367 verbose correctMkdir /home/tadeussenf/.npm correctMkdir not in flight; initializing
368 verbose afterAdd /home/tadeussenf/.npm/@angular/platform-browser/2.0.0-rc.3/package/package.json written
369 silly rollbackFailedOptional Starting
370 silly rollbackFailedOptional Finishing
371 silly runTopLevelLifecycles Starting
372 silly runTopLevelLifecycles Finishing
373 silly install printInstalled
374 verbose stack Error: No compatible version found: @angular/router@@3.0.0-alpha.7
374 verbose stack Valid install targets:
374 verbose stack 3.0.0-beta.2, 3.0.0-beta.1, 3.0.0-alpha.8, 3.0.0-alpha.7, 3.0.0-alpha.6, 3.0.0-alpha.5, 3.0.0-alpha.4, 3.0.0-alpha.3, 3.0.0-alpha.2, 3.0.0-alpha.1, 3.0.0-alpha.0, 2.0.0-rc.2, 2.0.0-rc.1, 2.0.0-rc.0, 0.2.0, 0.1.0, 0.0.1, 0.0.0-7, 0.0.0-6, 0.0.0-5, 0.0.0-4, 0.0.0-3, 0.0.0-2, 0.0.0-1, 0.0.0-0
374 verbose stack
374 verbose stack     at pickVersionFromRegistryDocument (/usr/lib/node_modules/npm/lib/fetch-package-metadata.js:156:16)
374 verbose stack     at /usr/lib/node_modules/npm/node_modules/iferr/index.js:13:50
374 verbose stack     at /usr/lib/node_modules/npm/lib/utils/pulse-till-done.js:19:8
374 verbose stack     at saved (/usr/lib/node_modules/npm/lib/cache/caching-client.js:168:7)
374 verbose stack     at /usr/lib/node_modules/npm/node_modules/graceful-fs/polyfills.js:210:7
374 verbose stack     at FSReqWrap.oncomplete (fs.js:82:15)
375 verbose cwd /media/tadeussenf/d43f5365-055f-4706-9f01-1c3e55d31c9e/home/tadeussenf/Documents/w11k/typescriptusers/client
376 error Linux 4.2.0-41-generic
377 error argv "/usr/bin/nodejs" "/usr/bin/npm" "install"
378 error node v5.12.0
379 error npm  v3.8.6
380 error No compatible version found: @angular/router@@3.0.0-alpha.7
380 error Valid install targets:
380 error 3.0.0-beta.2, 3.0.0-beta.1, 3.0.0-alpha.8, 3.0.0-alpha.7, 3.0.0-alpha.6, 3.0.0-alpha.5, 3.0.0-alpha.4, 3.0.0-alpha.3, 3.0.0-alpha.2, 3.0.0-alpha.1, 3.0.0-alpha.0, 2.0.0-rc.2, 2.0.0-rc.1, 2.0.0-rc.0, 0.2.0, 0.1.0, 0.0.1, 0.0.0-7, 0.0.0-6, 0.0.0-5, 0.0.0-4, 0.0.0-3, 0.0.0-2, 0.0.0-1, 0.0.0-0
381 error If you need help, you may report this error at:
381 error     <https://github.com/npm/npm/issues>
382 verbose exit [ 1, true ]
